"../../../../../../Users/peterpanpoo/Documents/Unreal Projects/StealthGame/Content/Challenges/BlackHole/M_BlackHole.uasset" 0
"../../../Engine/Content/EditorMeshes/ArcadeEditorSphere.uasset" 1
"../../../../../../Users/peterpanpoo/Documents/Unreal Projects/StealthGame/Content/Challenges/BlackHole/BP_BlackHole.uasset" 2
"../../../../../../Users/peterpanpoo/Documents/Unreal Projects/StealthGame/Content/Challenges/LauchPad/Materials/T_DevPatterns.uasset" 3
"../../../../../../Users/peterpanpoo/Documents/Unreal Projects/StealthGame/Content/Character/Textures/UE4_LOGO_CARD.uasset" 4
"../../../../../../Users/peterpanpoo/Documents/Unreal Projects/StealthGame/Content/Effects/Textures/T_Burst_M.uasset" 5
"../../../../../../Users/peterpanpoo/Documents/Unreal Projects/StealthGame/Content/Effects/Materials/M_Burst.uasset" 6
"../../../../../../Users/peterpanpoo/Documents/Unreal Projects/StealthGame/Content/Effects/Textures/T_Explosion_SubUV.uasset" 7
"../../../../../../Users/peterpanpoo/Documents/Unreal Projects/StealthGame/Content/Effects/Materials/M_explosion_subUV.uasset" 8
"../../../../../../Users/peterpanpoo/Documents/Unreal Projects/StealthGame/Content/Effects/Materials/m_flare_01.uasset" 9
"../../../Engine/Content/Functions/Engine_MaterialFunctions01/Gradient/RadialGradient.uasset" 10
"../../../../../../Users/peterpanpoo/Documents/Unreal Projects/StealthGame/Content/Effects/Materials/M_radial_ramp.uasset" 11
"../../../../../../Users/peterpanpoo/Documents/Unreal Projects/StealthGame/Content/Effects/Textures/T_Smoke_SubUV.uasset" 12
"../../../../../../Users/peterpanpoo/Documents/Unreal Projects/StealthGame/Content/Effects/Textures/T_Smoke_Tiled_D.uasset" 13
"../../../../../../Users/peterpanpoo/Documents/Unreal Projects/StealthGame/Content/Effects/Materials/M_smoke_subUV.uasset" 14
"../../../../../../Users/peterpanpoo/Documents/Unreal Projects/StealthGame/Content/Effects/P_Explosion.uasset" 15
"../../../../../../Users/peterpanpoo/Documents/Unreal Projects/StealthGame/Content/Effects/T_Fire_tile.uasset" 16
"../../../../../../Users/peterpanpoo/Documents/Unreal Projects/StealthGame/Content/Effects/gold_ore_circle2.uasset" 17
"../../../../../../Users/peterpanpoo/Documents/Unreal Projects/StealthGame/Content/Effects/sunflare.uasset" 18
"../../../../../../Users/peterpanpoo/Documents/Unreal Projects/StealthGame/Content/Effects/m_flare_03.uasset" 19
"../../../../../../Users/peterpanpoo/Documents/Unreal Projects/StealthGame/Content/Effects/M_Volumetric_Streaks.uasset" 20
"../../../../../../Users/peterpanpoo/Documents/Unreal Projects/StealthGame/Content/Effects/T_MeshFire_Mask.uasset" 21
"../../../../../../Users/peterpanpoo/Documents/Unreal Projects/StealthGame/Content/Effects/M_single_ray_01.uasset" 22
"../../../../../../Users/peterpanpoo/Documents/Unreal Projects/StealthGame/Content/Effects/P_gold_ore_aura.uasset" 23
"../../../../../../Users/peterpanpoo/Documents/Unreal Projects/StealthGame/Content/Effects/T_Flame_Tile.uasset" 24
"../../../../../../Users/peterpanpoo/Documents/Unreal Projects/StealthGame/Content/Effects/gold_ore_effect.uasset" 25
"../../../../../../Users/peterpanpoo/Documents/Unreal Projects/StealthGame/Content/Effects/clouds_dust_detail_01.uasset" 26
"../../../../../../Users/peterpanpoo/Documents/Unreal Projects/StealthGame/Content/Effects/M_wind_swirl_02.uasset" 27
"../../../../../../Users/peterpanpoo/Documents/Unreal Projects/StealthGame/Content/Effects/S_SandSwirl.uasset" 28
"../../../../../../Users/peterpanpoo/Documents/Unreal Projects/StealthGame/Content/Effects/P_gold_ore_lost.uasset" 29
"../../../Engine/Content/Functions/Engine_MaterialFunctions01/Opacity/CameraDepthFade.uasset" 30
"../../../../../../Users/peterpanpoo/Documents/Unreal Projects/StealthGame/Content/Environment/MF_WorldUVs.uasset" 31
"../../../Engine/Content/EngineMaterials/T_Default_Material_Grid_M.uasset" 32
"../../../Engine/Content/EngineResources/WhiteSquareTexture.uasset" 33
"../../../Engine/Content/VREditor/BasicMeshes/T_CleanFloorGrunge_01_D.uasset" 34
"../../../../../../Users/peterpanpoo/Documents/Unreal Projects/StealthGame/Content/Environment/M_Blockout.uasset" 35
"../../../../../../Users/peterpanpoo/Documents/Unreal Projects/StealthGame/Content/Environment/MI_BlockoutBasic.uasset" 36
"../../../../../../Users/peterpanpoo/Documents/Unreal Projects/StealthGame/Content/UI/FirstPersonCrosshair.uasset" 37
"../../../../../../Users/peterpanpoo/Documents/Unreal Projects/StealthGame/Content/Weapon/SK_FPGun_PhysicsAsset.uasset" 38
"../../../Engine/Content/EngineMaterials/T_Default_Material_Grid_N.uasset" 39
"../../../Engine/Content/EngineMaterials/WorldGridMaterial.uasset" 40
"../../../Engine/Content/ArtTools/RenderToTexture/Meshes/S_1_Unit_Plane.uasset" 41
"../../../Engine/Content/EngineMaterials/DefaultMaterial.uasset" 42
"../../../Engine/Content/BasicShapes/Cone.uasset" 43
"../../../Engine/Content/BasicShapes/Cube.uasset" 44
"../../../Engine/Content/BasicShapes/Cylinder.uasset" 45
"../../../Engine/Content/BasicShapes/Plane.uasset" 46
"../../../Engine/Content/BasicShapes/Sphere.uasset" 47
"../../../Engine/Content/EditorLandscapeResources/DataLayer.uasset" 48
"../../../Engine/Content/EditorMaterials/GizmoMaterial.uasset" 49
"../../../Engine/Content/EditorMaterials/MAT_Groups_Toggle.uasset" 50
"../../../Engine/Content/EditorMaterials/MAT_Groups_Visibility.uasset" 51
"../../../Engine/Content/EditorMaterials/PreviewShadowIndicator.uasset" 52
"../../../Engine/Content/EditorMaterials/PreviewShadowIndicatorMaterial.uasset" 53
"../../../Engine/Content/EditorMaterials/MatineeGroups/MAT_ColorTrack.uasset" 54
"../../../Engine/Content/EditorMaterials/MatineeGroups/MAT_Groups_Anim.uasset" 55
"../../../Engine/Content/EditorMaterials/MatineeGroups/MAT_Groups_AudioMaster.uasset" 56
"../../../Engine/Content/EditorMaterials/MatineeGroups/MAT_Groups_Director.uasset" 57
"../../../Engine/Content/EditorMaterials/MatineeGroups/MAT_Groups_Event.uasset" 58
"../../../Engine/Content/EditorMaterials/MatineeGroups/MAT_Groups_Fade.uasset" 59
"../../../Engine/Content/EditorMaterials/MatineeGroups/MAT_Groups_Float.uasset" 60
"../../../Engine/Content/EditorMaterials/MatineeGroups/MAT_Groups_Move.uasset" 61
"../../../Engine/Content/EditorMaterials/MatineeGroups/MAT_Groups_Slomo.uasset" 62
"../../../Engine/Content/EditorMaterials/MatineeGroups/MAT_Groups_Sound.uasset" 63
"../../../Engine/Content/EditorMaterials/MatineeGroups/MAT_Groups_Vector.uasset" 64
"../../../Engine/Content/EditorMaterials/ParticleSystems/PSysThumbnail_NoImage.uasset" 65
"../../../Engine/Content/EditorMaterials/ParticleSystems/PSysThumbnail_OOD.uasset" 66
"../../../Engine/Content/EditorMaterials/Camera/CineMat.uasset" 67
"../../../Engine/Content/EditorMaterials/Camera/MI_CineMat_Rig.uasset" 68
"../../../Engine/Content/EditorMeshes/Camera/SM_CraneRig_Arm.uasset" 69
"../../../Engine/Content/EditorMeshes/Camera/SM_CraneRig_Base.uasset" 70
"../../../Engine/Content/EditorMeshes/Camera/SM_CraneRig_Body.uasset" 71
"../../../Engine/Content/EditorMeshes/Camera/SM_CraneRig_Mount.uasset" 72
"../../../Engine/Content/EditorMeshes/Camera/SM_RailRig_Mount.uasset" 73
"../../../Engine/Content/EditorMeshes/Camera/SM_RailRig_Track.uasset" 74
"../../../Engine/Content/EditorResources/BSPVertex.uasset" 75
"../../../Engine/Content/EditorResources/EmptyActor.uasset" 76
"../../../Engine/Content/EditorResources/S_Actor.uasset" 77
"../../../Engine/Content/EditorResources/S_Trigger.uasset" 78
"../../../Engine/Content/EditorResources/LightIcons/S_LightError.uasset" 79
"../../../Engine/Content/EditorResources/SequenceRecorder/Countdown.uasset" 80
"../../../Engine/Content/EditorResources/SequenceRecorder/RecordingIndicator.uasset" 81
"../../../Engine/Content/EditorSounds/Notifications/CompileFailed.uasset" 82
"../../../Engine/Content/EditorSounds/Notifications/CompileFailed_Cue.uasset" 83
"../../../Engine/Content/EditorSounds/Notifications/CompileSuccess.uasset" 84
"../../../Engine/Content/EditorSounds/Notifications/CompileStart_Cue.uasset" 85
"../../../Engine/Content/EditorSounds/Notifications/CompileSuccess_Cue.uasset" 86
"../../../Engine/Content/EngineDamageTypes/DmgTypeBP_Environmental.uasset" 87
"../../../Engine/Content/EngineDebugMaterials/HeatmapGradient.uasset" 88
"../../../Engine/Content/EngineDebugMaterials/BoneWeightMaterial.uasset" 89
"../../../Engine/Content/EngineDebugMaterials/ClothMaterial.uasset" 90
"../../../Engine/Content/EngineDebugMaterials/ClothMaterial_WF.uasset" 91
"../../../Engine/Content/EngineDebugMaterials/DebugEditorMaterial.uasset" 92
"../../../Engine/Content/EngineDebugMaterials/DebugMeshMaterial.uasset" 93
"../../../Engine/Content/EngineDebugMaterials/GeomMaterial.uasset" 94
"../../../Engine/Content/EngineDebugMaterials/M_SimpleTranslucent.uasset" 95
"../../../Engine/Content/EngineFonts/Faces/RobotoBold.uasset" 96
"../../../Engine/Content/EngineFonts/Faces/RobotoBoldItalic.uasset" 97
"../../../Engine/Content/EngineFonts/Faces/RobotoItalic.uasset" 98
"../../../Engine/Content/EngineFonts/Faces/RobotoLight.uasset" 99
"../../../Engine/Content/EngineFonts/Faces/RobotoRegular.uasset" 100
"../../../Engine/Content/EngineFonts/Roboto.uasset" 101
"../../../Engine/Content/EngineFonts/Faces/RobotoTiny.uasset" 102
"../../../Engine/Content/EngineFonts/RobotoTiny.uasset" 103
"../../../Engine/Content/EngineMaterials/BaseFlattenDiffuseMap.uasset" 104
"../../../Engine/Content/EngineMaterials/BaseFlattenEmissiveMap.uasset" 105
"../../../Engine/Content/EngineMaterials/BaseFlattenGrayscaleMap.uasset" 106
"../../../Engine/Content/EngineMaterials/BaseFlattenNormalMap.uasset" 107
"../../../Engine/Content/EngineMaterials/BaseFlattenMaterial.uasset" 108
"../../../Engine/Content/EngineMaterials/DefaultBloomKernel.uasset" 109
"../../../Engine/Content/EngineMaterials/DefaultBokeh.uasset" 110
"../../../Engine/Content/EngineMaterials/DefaultDiffuse.uasset" 111
"../../../Engine/Content/EngineMaterials/DefaultDeferredDecalMaterial.uasset" 112
"../../../Engine/Content/EngineMaterials/DefaultLightFunctionMaterial.uasset" 113
"../../../Engine/Content/EngineMaterials/DefaultPhysicalMaterial.uasset" 114
"../../../Engine/Content/Functions/Engine_MaterialFunctions02/Utility/BreakOutFloat2Components.uasset" 115
"../../../Engine/Content/EngineMaterials/DefaultPostProcessMaterial.uasset" 116
"../../../Engine/Content/EngineFonts/RobotoDistanceField.uasset" 117
"../../../Engine/Content/EngineMaterials/DefaultTextMaterialOpaque.uasset" 118
"../../../Engine/Content/EngineMaterials/DefaultWhiteGrid.uasset" 119
"../../../Engine/Content/EngineMaterials/EditorBrushMaterial.uasset" 120
"../../../Engine/Content/EngineMaterials/Good64x64TilingNoiseHighFreq.uasset" 121
"../../../Engine/Content/EngineMaterials/MiniFont.uasset" 122
"../../../Engine/Content/EngineMaterials/InvalidLightmapSettings.uasset" 123
"../../../Engine/Content/EngineMaterials/M_InvalidLightmapSettings.uasset" 124
"../../../Engine/Content/Functions/Engine_MaterialFunctions02/WorldPositionOffset/CameraOffset.uasset" 125
"../../../Engine/Content/EngineMaterials/PhAT_JointLimitMaterial.uasset" 126
"../../../Engine/Content/EngineMaterials/PreintegratedSkinBRDF.uasset" 127
"../../../Engine/Content/EngineMaterials/RemoveSurfaceMaterial.uasset" 128
"../../../Engine/Content/EngineMaterials/WeightMapPlaceholderTexture.uasset" 129
"../../../Engine/Content/EngineMaterials/Widget3DPassThrough.uasset" 130
"../../../Engine/Content/EngineMaterials/Widget3DPassThrough_Masked.uasset" 131
"../../../Engine/Content/EngineMaterials/Widget3DPassThrough_Opaque.uasset" 132
"../../../Engine/Content/EngineMaterials/Widget3DPassThrough_Masked_OneSided.uasset" 133
"../../../Engine/Content/EngineMaterials/Widget3DPassThrough_Opaque_OneSided.uasset" 134
"../../../Engine/Content/EngineMaterials/Widget3DPassThrough_Translucent.uasset" 135
"../../../Engine/Content/EngineMaterials/Widget3DPassThrough_Translucent_OneSided.uasset" 136
"../../../Engine/Content/EngineMeshes/Cylinder.uasset" 137
"../../../Engine/Content/EngineMeshes/Sphere.uasset" 138
"../../../Engine/Content/EngineResources/Black.uasset" 139
"../../../Engine/Content/EngineResources/DefaultTexture.uasset" 140
"../../../Engine/Content/EngineResources/DefaultTextureCube.uasset" 141
"../../../Engine/Content/EngineResources/DefaultVolumeTexture2D.uasset" 142
"../../../Engine/Content/EngineResources/DefaultVolumeTexture.uasset" 143
"../../../Engine/Content/EngineResources/GradientTexture0.uasset" 144
"../../../Engine/Content/EngineSounds/Master.uasset" 145
"../../../Engine/Content/Functions/Engine_MaterialFunctions01/Shading/ConvertFromDiffSpec.uasset" 146
"../../../Engine/Content/Functions/Engine_MaterialFunctions01/Shading/PowerToRoughness.uasset" 147
"../../../Engine/Content/Maps/Templates/Thumbnails/Default.uasset" 148
"../../../Engine/Content/Maps/Templates/Thumbnails/VR-Basic.uasset" 149
"../../../Engine/Content/MobileResources/T_MobileControls_texture.uasset" 150
"../../../Engine/Content/MobileResources/T_MobileMenu2.uasset" 151
"../../../Engine/Content/MobileResources/HUD/AnalogHat.uasset" 152
"../../../Engine/Content/MobileResources/HUD/VirtualJoystick_Background.uasset" 153
"../../../Engine/Content/MobileResources/HUD/VirtualJoystick_Thumb.uasset" 154
"../../../Engine/Content/MobileResources/HUD/DefaultVirtualJoysticks.uasset" 155
"../../../Engine/Content/MobileResources/HUD/LeftVirtualJoystickOnly.uasset" 156
"../../../Engine/Content/MobileResources/HUD/MobileHUDButton1_off.uasset" 157
"../../../Engine/Content/MobileResources/HUD/MobileHUDButton1_on.uasset" 158
"../../../Engine/Content/MobileResources/HUD/MobileHUDButton2_off.uasset" 159
"../../../Engine/Content/MobileResources/HUD/MobileHUDButton2_on.uasset" 160
"../../../Engine/Content/MobileResources/HUD/MobileHUDButton3.uasset" 161
"../../../Engine/Content/MobileResources/HUD/MobileHUDButtonFire.uasset" 162
"../../../Engine/Content/MobileResources/HUD/MobileHUDDirectionPad.uasset" 163
"../../../Engine/Content/MobileResources/HUD/MobileHUDDirectionPad2.uasset" 164
"../../../Engine/Content/MobileResources/HUD/MobileHUDDirectionPad3.uasset" 165
"../../../Engine/Content/MobileResources/HUD/MobileHUDDirectionStick.uasset" 166
"../../../Engine/Content/MobileResources/HUD/T_Castle_ThumbstickInner.uasset" 167
"../../../Engine/Content/MobileResources/HUD/T_Castle_ThumbstickOutter.uasset" 168
"../../../Engine/Content/Tutorial/ContentIntroCurve.uasset" 169
"../../../Engine/Content/Tutorial/Basics/TutorialAssets/icon_tab_Levels_40x.uasset" 170
"../../../Engine/Content/VREditor/LaserPointer/VR_LaserPower_01.uasset" 171
"../../../Engine/Content/VREditor/TransformGizmo/TransformGizmoMaterial.uasset" 172
"../../../Engine/Content/VREditor/TransformGizmo/TranslucentTransformGizmoMaterial.uasset" 173
"../../../Engine/Content/VREditor/TransformGizmo/BoundingBoxCorner.uasset" 174
"../../../Engine/Content/VREditor/TransformGizmo/BoundingBoxEdge.uasset" 175
"../../../Engine/Content/VREditor/TransformGizmo/PlaneTranslationHandle.uasset" 176
"../../../Engine/Content/VREditor/TransformGizmo/Main.uasset" 177
"../../../Engine/Content/VREditor/TransformGizmo/Xray.uasset" 178
"../../../Engine/Content/VREditor/TransformGizmo/SM_Sequencer_Key.uasset" 179
"../../../Engine/Content/VREditor/TransformGizmo/SM_Sequencer_Node.uasset" 180
"../../Plugins/2D/Paper2D/Content/PlaceholderTextures/DummySpriteTexture.uasset" 181
"../../Plugins/2D/Paper2D/Content/DummySprite.uasset" 182
"../../Plugins/2D/Paper2D/Content/DefaultPaperTerrainMaterial.uasset" 183
"../../Plugins/2D/Paper2D/Content/DefaultSpriteMaterial.uasset" 184
"../../Plugins/2D/Paper2D/Content/MaskedUnlitSpriteMaterial.uasset" 185
"../../Plugins/2D/Paper2D/Content/OpaqueUnlitSpriteMaterial.uasset" 186
"../../Plugins/Runtime/Oculus/OculusVR/Content/Materials/PokeAHoleMaterial.uasset" 187
"../../Plugins/Runtime/Oculus/OculusVR/Content/Textures/GearVRController_AO.uasset" 188
"../../Plugins/Runtime/Oculus/OculusVR/Content/Textures/GearVRController_Color.uasset" 189
"../../Plugins/Runtime/Oculus/OculusVR/Content/Textures/GearVRController_Normal.uasset" 190
"../../Plugins/Runtime/Oculus/OculusVR/Content/Materials/GearVRControllerMaterial.uasset" 191
"../../Plugins/Runtime/Oculus/OculusVR/Content/Meshes/GearVrController.uasset" 192
"../../Plugins/Runtime/Oculus/OculusVR/Content/Textures/touchController_albedo.uasset" 193
"../../Plugins/Runtime/Oculus/OculusVR/Content/Textures/touchController_controlmap.uasset" 194
"../../Plugins/Runtime/Oculus/OculusVR/Content/Materials/touchController_mat.uasset" 195
"../../Plugins/Runtime/Oculus/OculusVR/Content/Meshes/LeftTouchController.uasset" 196
"../../Plugins/Runtime/Oculus/OculusVR/Content/Meshes/RiftHMD.uasset" 197
"../../Plugins/Runtime/Oculus/OculusVR/Content/Meshes/RightTouchController.uasset" 198
"../../../../../../Users/peterpanpoo/Documents/Unreal Projects/StealthGame/Content/Characters/DwarfGrunt/SkelMesh/DwarfGrunt_R_new_Skeleton.uasset" 199
"../../../../../../Users/peterpanpoo/Documents/Unreal Projects/StealthGame/Content/Characters/DwarfGrunt/Anims/Idle_1_new.uasset" 200
"../../../../../../Users/peterpanpoo/Documents/Unreal Projects/StealthGame/Content/Characters/DwarfGrunt/Textures/T_Dwarf_Grunt_Blue_D.uasset" 201
"../../../../../../Users/peterpanpoo/Documents/Unreal Projects/StealthGame/Content/Characters/DwarfGrunt/Textures/T_Dwarf_Grunt_M.uasset" 202
"../../../../../../Users/peterpanpoo/Documents/Unreal Projects/StealthGame/Content/Characters/DwarfGrunt/Textures/T_Dwarf_Grunt_N.uasset" 203
"../../../../../../Users/peterpanpoo/Documents/Unreal Projects/StealthGame/Content/Characters/DwarfGrunt/Materials/M_Dwarf_Grunt.uasset" 204
"../../../../../../Users/peterpanpoo/Documents/Unreal Projects/StealthGame/Content/Characters/DwarfGrunt/Textures/T_Dwarf_Grunt_Equipment_Blue_D.uasset" 205
"../../../../../../Users/peterpanpoo/Documents/Unreal Projects/StealthGame/Content/Characters/DwarfGrunt/Textures/T_Dwarf_Grunt_Equipment_Blue_N.uasset" 206
"../../../../../../Users/peterpanpoo/Documents/Unreal Projects/StealthGame/Content/Characters/DwarfGrunt/Textures/T_Dwarf_Grunt_Equipment_M.uasset" 207
"../../../../../../Users/peterpanpoo/Documents/Unreal Projects/StealthGame/Content/Characters/DwarfGrunt/Materials/Dwarf_Grunt_Equipment_Blue_MIC.uasset" 208
"../../../../../../Users/peterpanpoo/Documents/Unreal Projects/StealthGame/Content/Characters/DwarfGrunt/SkelMesh/DwarfGrunt_R_new.uasset" 209
"../../../../../../Users/peterpanpoo/Documents/Unreal Projects/StealthGame/Content/UI/WBP_GuardState.uasset" 210
"../../../../../../Users/peterpanpoo/Documents/Unreal Projects/StealthGame/Content/Blueprints/BP_AIGuard.uasset" 211
"../../../Engine/Content/Functions/Engine_MaterialFunctions02/Texturing/CustomRotator.uasset" 212
"../../../../../../Users/peterpanpoo/Documents/Unreal Projects/StealthGame/Content/Materials/T_DevPatterns.uasset" 213
"../../../../../../Users/peterpanpoo/Documents/Unreal Projects/StealthGame/Content/Materials/SpawnBox_M.uasset" 214
"../../../../../../Users/peterpanpoo/Documents/Unreal Projects/StealthGame/Content/Materials/SpawnBox_M_Inst.uasset" 215
"../../../../../../Users/peterpanpoo/Documents/Unreal Projects/StealthGame/Content/Blueprints/BP_ExtractionZone.uasset" 216
"../../../../../../Users/peterpanpoo/Documents/Unreal Projects/StealthGame/Content/UI/WBP_ObjectiveInfo.uasset" 217
"../../../../../../Users/peterpanpoo/Documents/Unreal Projects/StealthGame/Content/Blueprints/BP_HUD.uasset" 218
"../../../../../../Users/peterpanpoo/Documents/Unreal Projects/StealthGame/Content/UI/WBP_GameOver.uasset" 219
"../../../../../../Users/peterpanpoo/Documents/Unreal Projects/StealthGame/Content/Blueprints/BP_PlayerController.uasset" 220
"../../../Engine/Content/EditorResources/MatineeCam_D.uasset" 221
"../../../Engine/Content/EditorMaterials/MatineeCam_mat.uasset" 222
"../../../Engine/Content/EditorMeshes/MatineeCam_SM.uasset" 223
"../../../../../../Users/peterpanpoo/Documents/Unreal Projects/StealthGame/Content/Blueprints/BP_SpectatingViewpoint.uasset" 224
"../../../../../../Users/peterpanpoo/Documents/Unreal Projects/StealthGame/Content/Blueprints/BP_Gamemode.uasset" 225
"../../../Engine/Content/Functions/Engine_MaterialFunctions02/Utility/Sine_Remapped.uasset" 226
"../../../../../../Users/peterpanpoo/Documents/Unreal Projects/StealthGame/Content/Materials/M_Objective.uasset" 227
"../../../Engine/Content/EditorMeshes/EditorSphere.uasset" 228
"../../../../../../Users/peterpanpoo/Documents/Unreal Projects/StealthGame/Content/Effects/round_mask.uasset" 229
"../../../../../../Users/peterpanpoo/Documents/Unreal Projects/StealthGame/Content/Effects/T_Smoke2_Tile.uasset" 230
"../../../../../../Users/peterpanpoo/Documents/Unreal Projects/StealthGame/Content/Effects/Coin2.uasset" 231
"../../../../../../Users/peterpanpoo/Documents/Unreal Projects/StealthGame/Content/Effects/SM_plane_pivot_down.uasset" 232
"../../../../../../Users/peterpanpoo/Documents/Unreal Projects/StealthGame/Content/Effects/P_gold_ore_received.uasset" 233
"../../../../../../Users/peterpanpoo/Documents/Unreal Projects/StealthGame/Content/Blueprints/BP_Objective.uasset" 234
"../../../../../../Users/peterpanpoo/Documents/Unreal Projects/StealthGame/Content/Character/Mesh/SK_Mannequin_Arms_Skeleton.uasset" 235
"../../../../../../Users/peterpanpoo/Documents/Unreal Projects/StealthGame/Content/Animations/FirstPerson_Idle.uasset" 236
"../../../../../../Users/peterpanpoo/Documents/Unreal Projects/StealthGame/Content/Animations/FirstPerson_JumpEnd.uasset" 237
"../../../../../../Users/peterpanpoo/Documents/Unreal Projects/StealthGame/Content/Animations/FirstPerson_JumpLoop.uasset" 238
"../../../../../../Users/peterpanpoo/Documents/Unreal Projects/StealthGame/Content/Animations/FirstPerson_JumpStart.uasset" 239
"../../../../../../Users/peterpanpoo/Documents/Unreal Projects/StealthGame/Content/Animations/FirstPerson_Run.uasset" 240
"../../../Engine/Content/EditorBlueprintResources/StandardMacros.uasset" 241
"../../../../../../Users/peterpanpoo/Documents/Unreal Projects/StealthGame/Content/Animations/FirstPerson_AnimBP.uasset" 242
"../../../../../../Users/peterpanpoo/Documents/Unreal Projects/StealthGame/Content/Animations/FirstPerson_Fire.uasset" 243
"../../../../../../Users/peterpanpoo/Documents/Unreal Projects/StealthGame/Content/Weapon/M_Projectile.uasset" 244
"../../../../../../Users/peterpanpoo/Documents/Unreal Projects/StealthGame/Content/Weapon/FirstPersonProjectileMesh.uasset" 245
"../../../../../../Users/peterpanpoo/Documents/Unreal Projects/StealthGame/Content/Blueprints/BP_Projectile.uasset" 246
"../../../../../../Users/peterpanpoo/Documents/Unreal Projects/StealthGame/Content/Audio/FirstPersonTemplateWeaponFire02.uasset" 247
"../../../../../../Users/peterpanpoo/Documents/Unreal Projects/StealthGame/Content/Character/Textures/UE4_Mannequin__normals.uasset" 248
"../../../../../../Users/peterpanpoo/Documents/Unreal Projects/StealthGame/Content/Character/Textures/UE4_Mannequin_MAT_MASKA.uasset" 249
"../../../../../../Users/peterpanpoo/Documents/Unreal Projects/StealthGame/Content/Character/M_PlayerArms.uasset" 250
"../../../../../../Users/peterpanpoo/Documents/Unreal Projects/StealthGame/Content/Character/Mesh/SK_Mannequin_Arms_PhysicsAsset.uasset" 251
"../../../../../../Users/peterpanpoo/Documents/Unreal Projects/StealthGame/Content/Character/Mesh/SK_Mannequin_Arms.uasset" 252
"../../../../../../Users/peterpanpoo/Documents/Unreal Projects/StealthGame/Content/Weapon/T_FPGun_M.uasset" 253
"../../../../../../Users/peterpanpoo/Documents/Unreal Projects/StealthGame/Content/Weapon/T_FPGun_N.uasset" 254
"../../../../../../Users/peterpanpoo/Documents/Unreal Projects/StealthGame/Content/Weapon/M_FPGun.uasset" 255
"../../../../../../Users/peterpanpoo/Documents/Unreal Projects/StealthGame/Content/Weapon/SK_FPGun_Skeleton.uasset" 256
"../../../../../../Users/peterpanpoo/Documents/Unreal Projects/StealthGame/Content/Weapon/SK_FPGun.uasset" 257
"../../../../../../Users/peterpanpoo/Documents/Unreal Projects/StealthGame/Content/Blueprints/BP_Player.uasset" 258
"../../../../../../Users/peterpanpoo/Documents/Unreal Projects/StealthGame/Content/Challenges/LauchPad/Challenges/LaunchPad/T_Arrow.uasset" 259
"../../../../../../Users/peterpanpoo/Documents/Unreal Projects/StealthGame/Content/Challenges/LauchPad/Challenges/LaunchPad/M_LaunchPAd.uasset" 260
"../../../../../../Users/peterpanpoo/Documents/Unreal Projects/StealthGame/Content/Challenges/LauchPad/Challenges/LaunchPad/M_LaunchPadBase.uasset" 261
"../../../../../../Users/peterpanpoo/Documents/Unreal Projects/StealthGame/Content/Effects/P_gold_ore_appearance.uasset" 262
"../../../Engine/Content/EngineMaterials/T_Default_MacroVariation.uasset" 263
"../../../../../../Users/peterpanpoo/Documents/Unreal Projects/StealthGame/Content/Environment/M_Cube.uasset" 264
"../../../../../../Users/peterpanpoo/Documents/Unreal Projects/StealthGame/Content/Environment/Shape_Cube.uasset" 265
"../../../../../../Users/peterpanpoo/Documents/Unreal Projects/StealthGame/Content/Challenges/LauchPad/BP_LaunchPad.uasset" 266
"../../../../../../Users/peterpanpoo/Documents/Unreal Projects/StealthGame/Content/Maps/FirstPersonExampleMap_BuiltData.uasset" 267
"../../../Engine/Content/Functions/Engine_MaterialFunctions03/Procedurals/ComputeFilterWidth.uasset" 268
"../../../../../../Users/peterpanpoo/Documents/Unreal Projects/StealthGame/Content/Environment/AntiAliasedTextMaterialTranslucent_Glow.uasset" 269
"../../../../../../Users/peterpanpoo/Documents/Unreal Projects/StealthGame/Content/Environment/M_Cube_Inst.uasset" 270
"../../../../../../Users/peterpanpoo/Documents/Unreal Projects/StealthGame/Content/Environment/M_BlockoutSimple.uasset" 271
"../../../../../../Users/peterpanpoo/Documents/Unreal Projects/StealthGame/Content/Environment/MI_BlockoutSimple_Inst.uasset" 272
"../../../../../../Users/peterpanpoo/Documents/Unreal Projects/StealthGame/Content/Maps/FirstPersonExampleMap.umap" 273
"../../../Engine/Content/Maps/Entry_BuiltData.uasset" 274
"../../../Engine/Content/Maps/Entry.umap" 275
